[debug] [2026-04-29T10:04:42.926Z] ----------------------------------------------------------------------
[debug] [2026-04-29T10:04:42.929Z] Command:       /opt/homebrew/Cellar/node/25.9.0_2/bin/node /opt/homebrew/bin/firebase deploy
[debug] [2026-04-29T10:04:42.929Z] CLI Version:   15.15.0
[debug] [2026-04-29T10:04:42.929Z] Platform:      darwin
[debug] [2026-04-29T10:04:42.929Z] Node Version:  v25.9.0
[debug] [2026-04-29T10:04:42.929Z] Time:          Wed Apr 29 2026 15:34:42 GMT+0530 (India Standard Time)
[debug] [2026-04-29T10:04:42.929Z] ----------------------------------------------------------------------
[debug] 
[debug] [2026-04-29T10:04:43.725Z] > command requires scopes: ["email","openid","https://www.googleapis.com/auth/cloudplatformprojects.readonly","https://www.googleapis.com/auth/firebase","https://www.googleapis.com/auth/cloud-platform"]
[debug] [2026-04-29T10:04:43.726Z] > authorizing via signed-in user (virendrasehrawat@gmail.com)
[debug] [2026-04-29T10:04:43.726Z] [iam] checking project property-manager-fb9eb for permissions ["firebase.projects.get"]
[debug] [2026-04-29T10:04:43.726Z] Checked if tokens are valid: false, expires at: 1777457147647
[debug] [2026-04-29T10:04:43.726Z] Checked if tokens are valid: false, expires at: 1777457147647
[debug] [2026-04-29T10:04:43.726Z] > refreshing access token with scopes: []
[debug] [2026-04-29T10:04:43.728Z] >>> [apiv2][query] POST https://www.googleapis.com/oauth2/v3/token [none]
[debug] [2026-04-29T10:04:43.728Z] >>> [apiv2][body] POST https://www.googleapis.com/oauth2/v3/token [omitted]
[debug] [2026-04-29T10:04:43.899Z] <<< [apiv2][status] POST https://www.googleapis.com/oauth2/v3/token 200
[debug] [2026-04-29T10:04:43.899Z] <<< [apiv2][body] POST https://www.googleapis.com/oauth2/v3/token [omitted]
[debug] [2026-04-29T10:04:43.918Z] >>> [apiv2][query] POST https://cloudresourcemanager.googleapis.com/v1/projects/property-manager-fb9eb:testIamPermissions [none]
[debug] [2026-04-29T10:04:43.918Z] >>> [apiv2][(partial)header] POST https://cloudresourcemanager.googleapis.com/v1/projects/property-manager-fb9eb:testIamPermissions  x-goog-user-project=property-manager-fb9eb
[debug] [2026-04-29T10:04:43.918Z] >>> [apiv2][body] POST https://cloudresourcemanager.googleapis.com/v1/projects/property-manager-fb9eb:testIamPermissions {"permissions":["firebase.projects.get"]}
[debug] [2026-04-29T10:04:45.422Z] <<< [apiv2][status] POST https://cloudresourcemanager.googleapis.com/v1/projects/property-manager-fb9eb:testIamPermissions 200
[debug] [2026-04-29T10:04:45.422Z] <<< [apiv2][body] POST https://cloudresourcemanager.googleapis.com/v1/projects/property-manager-fb9eb:testIamPermissions {"permissions":["firebase.projects.get"]}
[info] 
[info] === Deploying to 'property-manager-fb9eb'...
[info] 
[info] i  deploying apphosting 
[debug] [2026-04-29T10:04:45.428Z] Checked if tokens are valid: true, expires at: 1777460682899
[debug] [2026-04-29T10:04:45.428Z] Checked if tokens are valid: true, expires at: 1777460682899
[debug] [2026-04-29T10:04:45.429Z] >>> [apiv2][query] POST https://iam.googleapis.com/v1/projects/property-manager-fb9eb/serviceAccounts/firebase-app-hosting-compute@property-manager-fb9eb.iam.gserviceaccount.com:testIamPermissions [none]
[debug] [2026-04-29T10:04:45.429Z] >>> [apiv2][(partial)header] POST https://iam.googleapis.com/v1/projects/property-manager-fb9eb/serviceAccounts/firebase-app-hosting-compute@property-manager-fb9eb.iam.gserviceaccount.com:testIamPermissions  x-goog-user-project=property-manager-fb9eb
[debug] [2026-04-29T10:04:45.429Z] >>> [apiv2][body] POST https://iam.googleapis.com/v1/projects/property-manager-fb9eb/serviceAccounts/firebase-app-hosting-compute@property-manager-fb9eb.iam.gserviceaccount.com:testIamPermissions {"permissions":["iam.serviceAccounts.actAs"]}
[debug] [2026-04-29T10:04:47.224Z] <<< [apiv2][status] POST https://iam.googleapis.com/v1/projects/property-manager-fb9eb/serviceAccounts/firebase-app-hosting-compute@property-manager-fb9eb.iam.gserviceaccount.com:testIamPermissions 200
[debug] [2026-04-29T10:04:47.224Z] <<< [apiv2][body] POST https://iam.googleapis.com/v1/projects/property-manager-fb9eb/serviceAccounts/firebase-app-hosting-compute@property-manager-fb9eb.iam.gserviceaccount.com:testIamPermissions {"permissions":["iam.serviceAccounts.actAs"]}
[debug] [2026-04-29T10:04:47.225Z] Checked if tokens are valid: true, expires at: 1777460682899
[debug] [2026-04-29T10:04:47.225Z] Checked if tokens are valid: true, expires at: 1777460682899
[debug] [2026-04-29T10:04:47.225Z] >>> [apiv2][query] POST https://iam.googleapis.com/v1/projects/property-manager-fb9eb/serviceAccounts [none]
[debug] [2026-04-29T10:04:47.225Z] >>> [apiv2][body] POST https://iam.googleapis.com/v1/projects/property-manager-fb9eb/serviceAccounts {"accountId":"firebase-app-hosting-compute","serviceAccount":{"displayName":"Firebase App Hosting compute service account","description":"Default service account used to run builds and deploys for Firebase App Hosting"}}
[debug] [2026-04-29T10:04:47.684Z] <<< [apiv2][status] POST https://iam.googleapis.com/v1/projects/property-manager-fb9eb/serviceAccounts 409
[debug] [2026-04-29T10:04:47.685Z] <<< [apiv2][body] POST https://iam.googleapis.com/v1/projects/property-manager-fb9eb/serviceAccounts [omitted]
[debug] [2026-04-29T10:04:47.687Z] Checked if tokens are valid: true, expires at: 1777460682899
[debug] [2026-04-29T10:04:47.687Z] Checked if tokens are valid: true, expires at: 1777460682899
[debug] [2026-04-29T10:04:47.687Z] >>> [apiv2][query] POST https://cloudresourcemanager.googleapis.com/v1/projects/property-manager-fb9eb:getIamPolicy [none]
[debug] [2026-04-29T10:04:48.134Z] <<< [apiv2][status] POST https://cloudresourcemanager.googleapis.com/v1/projects/property-manager-fb9eb:getIamPolicy 200
[debug] [2026-04-29T10:04:48.134Z] <<< [apiv2][body] POST https://cloudresourcemanager.googleapis.com/v1/projects/property-manager-fb9eb:getIamPolicy {"version":1,"etag":"BwZQlj0VyDY=","bindings":[{"role":"roles/cloudbuild.builds.builder","members":["serviceAccount:1094170524848@cloudbuild.gserviceaccount.com"]},{"role":"roles/cloudbuild.serviceAgent","members":["serviceAccount:service-1094170524848@gcp-sa-cloudbuild.iam.gserviceaccount.com"]},{"role":"roles/containerregistry.ServiceAgent","members":["serviceAccount:service-1094170524848@containerregistry.iam.gserviceaccount.com"]},{"role":"roles/developerconnect.readTokenAccessor","members":["serviceAccount:firebase-app-hosting-compute@property-manager-fb9eb.iam.gserviceaccount.com"]},{"role":"roles/editor","members":["serviceAccount:1094170524848-compute@developer.gserviceaccount.com"]},{"role":"roles/firebase.managementServiceAgent","members":["serviceAccount:service-1094170524848@gcp-sa-firebase.iam.gserviceaccount.com"]},{"role":"roles/firebase.sdkAdminServiceAgent","members":["serviceAccount:firebase-adminsdk-fbsvc@property-manager-fb9eb.iam.gserviceaccount.com","serviceAccount:firebase-app-hosting-compute@property-manager-fb9eb.iam.gserviceaccount.com"]},{"role":"roles/firebaseapphosting.computeRunner","members":["serviceAccount:firebase-app-hosting-compute@property-manager-fb9eb.iam.gserviceaccount.com"]},{"role":"roles/firebaseapphosting.serviceAgent","members":["serviceAccount:service-1094170524848@gcp-sa-firebaseapphosting.iam.gserviceaccount.com"]},{"role":"roles/firebaseauth.admin","members":["serviceAccount:firebase-adminsdk-fbsvc@property-manager-fb9eb.iam.gserviceaccount.com"]},{"role":"roles/firebaserules.system","members":["serviceAccount:service-1094170524848@firebase-rules.iam.gserviceaccount.com"]},{"role":"roles/firebasestorage.serviceAgent","members":["serviceAccount:service-1094170524848@gcp-sa-firebasestorage.iam.gserviceaccount.com"]},{"role":"roles/firestore.serviceAgent","members":["serviceAccount:service-1094170524848@gcp-sa-firestore.iam.gserviceaccount.com"]},{"role":"roles/iam.serviceAccountTokenCreator","members":["serviceAccount:firebase-adminsdk-fbsvc@property-manager-fb9eb.iam.gserviceaccount.com"]},{"role":"roles/owner","members":["user:virendrasehrawat@gmail.com"]},{"role":"roles/run.serviceAgent","members":["serviceAccount:service-1094170524848@serverless-robot-prod.iam.gserviceaccount.com"]},{"role":"roles/storage.admin","members":["serviceAccount:firebase-adminsdk-fbsvc@property-manager-fb9eb.iam.gserviceaccount.com"]},{"role":"roles/storage.objectViewer","members":["serviceAccount:firebase-app-hosting-compute@property-manager-fb9eb.iam.gserviceaccount.com"]}]}
[debug] [2026-04-29T10:04:48.135Z] Checked if tokens are valid: true, expires at: 1777460682899
[debug] [2026-04-29T10:04:48.135Z] Checked if tokens are valid: true, expires at: 1777460682899
[debug] [2026-04-29T10:04:48.135Z] >>> [apiv2][query] POST https://cloudresourcemanager.googleapis.com/v1/projects/property-manager-fb9eb:setIamPolicy [none]
[debug] [2026-04-29T10:04:48.135Z] >>> [apiv2][body] POST https://cloudresourcemanager.googleapis.com/v1/projects/property-manager-fb9eb:setIamPolicy {"policy":{"version":1,"etag":"BwZQlj0VyDY=","bindings":[{"role":"roles/cloudbuild.builds.builder","members":["serviceAccount:1094170524848@cloudbuild.gserviceaccount.com"]},{"role":"roles/cloudbuild.serviceAgent","members":["serviceAccount:service-1094170524848@gcp-sa-cloudbuild.iam.gserviceaccount.com"]},{"role":"roles/containerregistry.ServiceAgent","members":["serviceAccount:service-1094170524848@containerregistry.iam.gserviceaccount.com"]},{"role":"roles/developerconnect.readTokenAccessor","members":["serviceAccount:firebase-app-hosting-compute@property-manager-fb9eb.iam.gserviceaccount.com"]},{"role":"roles/editor","members":["serviceAccount:1094170524848-compute@developer.gserviceaccount.com"]},{"role":"roles/firebase.managementServiceAgent","members":["serviceAccount:service-1094170524848@gcp-sa-firebase.iam.gserviceaccount.com"]},{"role":"roles/firebase.sdkAdminServiceAgent","members":["serviceAccount:firebase-adminsdk-fbsvc@property-manager-fb9eb.iam.gserviceaccount.com","serviceAccount:firebase-app-hosting-compute@property-manager-fb9eb.iam.gserviceaccount.com"]},{"role":"roles/firebaseapphosting.computeRunner","members":["serviceAccount:firebase-app-hosting-compute@property-manager-fb9eb.iam.gserviceaccount.com"]},{"role":"roles/firebaseapphosting.serviceAgent","members":["serviceAccount:service-1094170524848@gcp-sa-firebaseapphosting.iam.gserviceaccount.com"]},{"role":"roles/firebaseauth.admin","members":["serviceAccount:firebase-adminsdk-fbsvc@property-manager-fb9eb.iam.gserviceaccount.com"]},{"role":"roles/firebaserules.system","members":["serviceAccount:service-1094170524848@firebase-rules.iam.gserviceaccount.com"]},{"role":"roles/firebasestorage.serviceAgent","members":["serviceAccount:service-1094170524848@gcp-sa-firebasestorage.iam.gserviceaccount.com"]},{"role":"roles/firestore.serviceAgent","members":["serviceAccount:service-1094170524848@gcp-sa-firestore.iam.gserviceaccount.com"]},{"role":"roles/iam.serviceAccountTokenCreator","members":["serviceAccount:firebase-adminsdk-fbsvc@property-manager-fb9eb.iam.gserviceaccount.com"]},{"role":"roles/owner","members":["user:virendrasehrawat@gmail.com"]},{"role":"roles/run.serviceAgent","members":["serviceAccount:service-1094170524848@serverless-robot-prod.iam.gserviceaccount.com"]},{"role":"roles/storage.admin","members":["serviceAccount:firebase-adminsdk-fbsvc@property-manager-fb9eb.iam.gserviceaccount.com"]},{"role":"roles/storage.objectViewer","members":["serviceAccount:firebase-app-hosting-compute@property-manager-fb9eb.iam.gserviceaccount.com"]}]},"updateMask":"bindings"}
[debug] [2026-04-29T10:04:49.766Z] <<< [apiv2][status] POST https://cloudresourcemanager.googleapis.com/v1/projects/property-manager-fb9eb:setIamPolicy 200
[debug] [2026-04-29T10:04:49.766Z] <<< [apiv2][body] POST https://cloudresourcemanager.googleapis.com/v1/projects/property-manager-fb9eb:setIamPolicy {"version":1,"etag":"BwZQlnpuqBM=","bindings":[{"role":"roles/cloudbuild.builds.builder","members":["serviceAccount:1094170524848@cloudbuild.gserviceaccount.com"]},{"role":"roles/cloudbuild.serviceAgent","members":["serviceAccount:service-1094170524848@gcp-sa-cloudbuild.iam.gserviceaccount.com"]},{"role":"roles/containerregistry.ServiceAgent","members":["serviceAccount:service-1094170524848@containerregistry.iam.gserviceaccount.com"]},{"role":"roles/developerconnect.readTokenAccessor","members":["serviceAccount:firebase-app-hosting-compute@property-manager-fb9eb.iam.gserviceaccount.com"]},{"role":"roles/editor","members":["serviceAccount:1094170524848-compute@developer.gserviceaccount.com"]},{"role":"roles/firebase.managementServiceAgent","members":["serviceAccount:service-1094170524848@gcp-sa-firebase.iam.gserviceaccount.com"]},{"role":"roles/firebase.sdkAdminServiceAgent","members":["serviceAccount:firebase-adminsdk-fbsvc@property-manager-fb9eb.iam.gserviceaccount.com","serviceAccount:firebase-app-hosting-compute@property-manager-fb9eb.iam.gserviceaccount.com"]},{"role":"roles/firebaseapphosting.computeRunner","members":["serviceAccount:firebase-app-hosting-compute@property-manager-fb9eb.iam.gserviceaccount.com"]},{"role":"roles/firebaseapphosting.serviceAgent","members":["serviceAccount:service-1094170524848@gcp-sa-firebaseapphosting.iam.gserviceaccount.com"]},{"role":"roles/firebaseauth.admin","members":["serviceAccount:firebase-adminsdk-fbsvc@property-manager-fb9eb.iam.gserviceaccount.com"]},{"role":"roles/firebaserules.system","members":["serviceAccount:service-1094170524848@firebase-rules.iam.gserviceaccount.com"]},{"role":"roles/firebasestorage.serviceAgent","members":["serviceAccount:service-1094170524848@gcp-sa-firebasestorage.iam.gserviceaccount.com"]},{"role":"roles/firestore.serviceAgent","members":["serviceAccount:service-1094170524848@gcp-sa-firestore.iam.gserviceaccount.com"]},{"role":"roles/iam.serviceAccountTokenCreator","members":["serviceAccount:firebase-adminsdk-fbsvc@property-manager-fb9eb.iam.gserviceaccount.com"]},{"role":"roles/owner","members":["user:virendrasehrawat@gmail.com"]},{"role":"roles/run.serviceAgent","members":["serviceAccount:service-1094170524848@serverless-robot-prod.iam.gserviceaccount.com"]},{"role":"roles/storage.admin","members":["serviceAccount:firebase-adminsdk-fbsvc@property-manager-fb9eb.iam.gserviceaccount.com"]},{"role":"roles/storage.objectViewer","members":["serviceAccount:firebase-app-hosting-compute@property-manager-fb9eb.iam.gserviceaccount.com"]}]}
[debug] [2026-04-29T10:04:49.767Z] Checked if tokens are valid: true, expires at: 1777460682899
[debug] [2026-04-29T10:04:49.767Z] Checked if tokens are valid: true, expires at: 1777460682899
[debug] [2026-04-29T10:04:49.768Z] >>> [apiv2][query] GET https://firebaseapphosting.googleapis.com/v1beta/projects/property-manager-fb9eb/locations/-/backends 
[debug] [2026-04-29T10:04:51.541Z] <<< [apiv2][status] GET https://firebaseapphosting.googleapis.com/v1beta/projects/property-manager-fb9eb/locations/-/backends 200
[debug] [2026-04-29T10:04:51.541Z] <<< [apiv2][body] GET https://firebaseapphosting.googleapis.com/v1beta/projects/property-manager-fb9eb/locations/-/backends {"backends":[{"name":"projects/property-manager-fb9eb/locations/us-central1/backends/property-manager","createTime":"2026-04-29T09:50:16.659734660Z","updateTime":"2026-04-29T09:50:16.959486Z","labels":{"deployment-tool":"cli-firebase"},"uri":"property-manager--property-manager-fb9eb.us-central1.hosted.app","uid":"a5025e6a-fa67-4ac5-b8b9-7bd4e5f83f41","etag":"RE59szTR68gNZUv8JQD4FV8P8-kNrDwbMzaStTdiygg","reconciling":false,"servingLocality":"GLOBAL_ACCESS","serviceAccount":"firebase-app-hosting-compute@property-manager-fb9eb.iam.gserviceaccount.com","appId":"1:1094170524848:web:958284811aa0a903678f75"}]}
[info] i  apphosting: Found backend(s) property-manager 
[debug] [2026-04-29T10:04:51.544Z] Checked if tokens are valid: true, expires at: 1777460682899
[debug] [2026-04-29T10:04:51.544Z] Checked if tokens are valid: true, expires at: 1777460682899
[debug] [2026-04-29T10:04:51.544Z] >>> [apiv2][query] GET https://serviceusage.googleapis.com/v1/projects/property-manager-fb9eb/services/cloudresourcemanager.googleapis.com [none]
[debug] [2026-04-29T10:04:51.545Z] >>> [apiv2][(partial)header] GET https://serviceusage.googleapis.com/v1/projects/property-manager-fb9eb/services/cloudresourcemanager.googleapis.com  x-goog-user-project=property-manager-fb9eb
[debug] [2026-04-29T10:04:53.536Z] <<< [apiv2][status] GET https://serviceusage.googleapis.com/v1/projects/property-manager-fb9eb/services/cloudresourcemanager.googleapis.com 200
[debug] [2026-04-29T10:04:53.537Z] <<< [apiv2][body] GET https://serviceusage.googleapis.com/v1/projects/property-manager-fb9eb/services/cloudresourcemanager.googleapis.com [omitted]
[debug] [2026-04-29T10:04:53.551Z] Checked if tokens are valid: true, expires at: 1777460682899
[debug] [2026-04-29T10:04:53.551Z] Checked if tokens are valid: true, expires at: 1777460682899
[debug] [2026-04-29T10:04:53.551Z] >>> [apiv2][query] GET https://cloudresourcemanager.googleapis.com/v1/projects/property-manager-fb9eb [none]
[debug] [2026-04-29T10:04:53.883Z] <<< [apiv2][status] GET https://cloudresourcemanager.googleapis.com/v1/projects/property-manager-fb9eb 200
[debug] [2026-04-29T10:04:53.883Z] <<< [apiv2][body] GET https://cloudresourcemanager.googleapis.com/v1/projects/property-manager-fb9eb {"projectNumber":"1094170524848","projectId":"property-manager-fb9eb","lifecycleState":"ACTIVE","name":"Property Manager","labels":{"firebase":"enabled","firebase-core":"disabled"},"createTime":"2026-04-27T01:16:51.303Z"}
[debug] [2026-04-29T10:04:53.884Z] Checked if tokens are valid: true, expires at: 1777460682899
[debug] [2026-04-29T10:04:53.884Z] Checked if tokens are valid: true, expires at: 1777460682899
[debug] [2026-04-29T10:04:53.884Z] >>> [apiv2][query] GET https://storage.googleapis.com/storage/v1/b?project=property-manager-fb9eb 
[debug] [2026-04-29T10:04:55.566Z] <<< [apiv2][status] GET https://storage.googleapis.com/storage/v1/b?project=property-manager-fb9eb 200
[debug] [2026-04-29T10:04:55.566Z] <<< [apiv2][body] GET https://storage.googleapis.com/storage/v1/b?project=property-manager-fb9eb {"kind":"storage#buckets","items":[{"kind":"storage#bucket","selfLink":"https://www.googleapis.com/storage/v1/b/property-manager-fb9eb.firebasestorage.app","id":"property-manager-fb9eb.firebasestorage.app","name":"property-manager-fb9eb.firebasestorage.app","projectNumber":"1094170524848","generation":"1777287425967045447","metageneration":"1","location":"US-EAST1","storageClass":"REGIONAL","etag":"CAE=","timeCreated":"2026-04-27T10:57:06.060Z","updated":"2026-04-27T10:57:06.060Z","softDeletePolicy":{"retentionDurationSeconds":"604800","effectiveTime":"2026-04-27T10:57:06.060Z"},"iamConfiguration":{"bucketPolicyOnly":{"enabled":false},"uniformBucketLevelAccess":{"enabled":false},"publicAccessPrevention":"inherited"},"locationType":"region","satisfiesPZI":true}]}
[info] i  apphosting: Creating Cloud Storage bucket in us-central1 to store App Hosting source code uploads at firebaseapphosting-sources-1094170524848-us-central1... 
[debug] [2026-04-29T10:04:55.568Z] Checked if tokens are valid: true, expires at: 1777460682899
[debug] [2026-04-29T10:04:55.568Z] Checked if tokens are valid: true, expires at: 1777460682899
[debug] [2026-04-29T10:04:55.568Z] >>> [apiv2][query] POST https://storage.googleapis.com/storage/v1/b project=property-manager-fb9eb&predefinedAcl=projectPrivate&predefinedDefaultObjectAcl=projectPrivate
[debug] [2026-04-29T10:04:55.568Z] >>> [apiv2][body] POST https://storage.googleapis.com/storage/v1/b {"name":"firebaseapphosting-sources-1094170524848-us-central1","location":"us-central1","lifecycle":{"rule":[{"action":{"type":"Delete"},"condition":{"age":30}}]},"labels":{"apphosting-source-us-central1":"true"}}
[debug] [2026-04-29T10:04:56.420Z] <<< [apiv2][status] POST https://storage.googleapis.com/storage/v1/b 200
[debug] [2026-04-29T10:04:56.420Z] <<< [apiv2][body] POST https://storage.googleapis.com/storage/v1/b {"kind":"storage#bucket","selfLink":"https://www.googleapis.com/storage/v1/b/firebaseapphosting-sources-1094170524848-us-central1","id":"firebaseapphosting-sources-1094170524848-us-central1","name":"firebaseapphosting-sources-1094170524848-us-central1","projectNumber":"1094170524848","generation":"1777457096064344915","metageneration":"1","location":"US-CENTRAL1","storageClass":"STANDARD","etag":"CAE=","timeCreated":"2026-04-29T10:04:56.267Z","updated":"2026-04-29T10:04:56.267Z","acl":[{"kind":"storage#bucketAccessControl","id":"firebaseapphosting-sources-1094170524848-us-central1/project-owners-1094170524848","selfLink":"https://www.googleapis.com/storage/v1/b/firebaseapphosting-sources-1094170524848-us-central1/acl/project-owners-1094170524848","bucket":"firebaseapphosting-sources-1094170524848-us-central1","entity":"project-owners-1094170524848","role":"OWNER","etag":"CAE=","projectTeam":{"projectNumber":"1094170524848","team":"owners"}},{"kind":"storage#bucketAccessControl","id":"firebaseapphosting-sources-1094170524848-us-central1/project-editors-1094170524848","selfLink":"https://www.googleapis.com/storage/v1/b/firebaseapphosting-sources-1094170524848-us-central1/acl/project-editors-1094170524848","bucket":"firebaseapphosting-sources-1094170524848-us-central1","entity":"project-editors-1094170524848","role":"OWNER","etag":"CAE=","projectTeam":{"projectNumber":"1094170524848","team":"editors"}},{"kind":"storage#bucketAccessControl","id":"firebaseapphosting-sources-1094170524848-us-central1/project-viewers-1094170524848","selfLink":"https://www.googleapis.com/storage/v1/b/firebaseapphosting-sources-1094170524848-us-central1/acl/project-viewers-1094170524848","bucket":"firebaseapphosting-sources-1094170524848-us-central1","entity":"project-viewers-1094170524848","role":"READER","etag":"CAE=","projectTeam":{"projectNumber":"1094170524848","team":"viewers"}}],"defaultObjectAcl":[{"kind":"storage#objectAccessControl","entity":"project-owners-1094170524848","role":"OWNER","etag":"CAE=","projectTeam":{"projectNumber":"1094170524848","team":"owners"}},{"kind":"storage#objectAccessControl","entity":"project-editors-1094170524848","role":"OWNER","etag":"CAE=","projectTeam":{"projectNumber":"1094170524848","team":"editors"}},{"kind":"storage#objectAccessControl","entity":"project-viewers-1094170524848","role":"READER","etag":"CAE=","projectTeam":{"projectNumber":"1094170524848","team":"viewers"}}],"owner":{"entity":"project-owners-1094170524848"},"lifecycle":{"rule":[{"action":{"type":"Delete"},"condition":{"age":30}}]},"labels":{"apphosting-source-us-central1":"true"},"softDeletePolicy":{"retentionDurationSeconds":"604800","effectiveTime":"2026-04-29T10:04:56.267Z"},"iamConfiguration":{"bucketPolicyOnly":{"enabled":false},"uniformBucketLevelAccess":{"enabled":false},"publicAccessPrevention":"inherited"},"locationType":"region","satisfiesPZI":true}
[info] i  apphosting: Zipped source for backend property-manager 
[info] i  apphosting: Uploading source for backend property-manager... 
[debug] [2026-04-29T10:04:56.508Z] Checked if tokens are valid: true, expires at: 1777460682899
[debug] [2026-04-29T10:04:56.508Z] Checked if tokens are valid: true, expires at: 1777460682899
[debug] [2026-04-29T10:04:56.508Z] >>> [apiv2][query] PUT https://storage.googleapis.com/firebaseapphosting-sources-1094170524848-us-central1/property-manager--47083-VukDHeEseMAB-.zip [none]
[debug] [2026-04-29T10:04:56.508Z] >>> [apiv2][body] PUT https://storage.googleapis.com/firebaseapphosting-sources-1094170524848-us-central1/property-manager--47083-VukDHeEseMAB-.zip [stream]
[debug] [2026-04-29T10:04:58.263Z] <<< [apiv2][status] PUT https://storage.googleapis.com/firebaseapphosting-sources-1094170524848-us-central1/property-manager--47083-VukDHeEseMAB-.zip 200
[debug] [2026-04-29T10:04:58.264Z] <<< [apiv2][body] PUT https://storage.googleapis.com/firebaseapphosting-sources-1094170524848-us-central1/property-manager--47083-VukDHeEseMAB-.zip undefined
[info] i  apphosting: Uploaded at gs://firebaseapphosting-sources-1094170524848-us-central1/property-manager--47083-VukDHeEseMAB-.zip 
[debug] [2026-04-29T10:04:58.267Z] Checked if tokens are valid: true, expires at: 1777460682899
[debug] [2026-04-29T10:04:58.267Z] Checked if tokens are valid: true, expires at: 1777460682899
[debug] [2026-04-29T10:04:58.267Z] Checked if tokens are valid: true, expires at: 1777460682899
[debug] [2026-04-29T10:04:58.267Z] Checked if tokens are valid: true, expires at: 1777460682899
[info] i  apphosting: You may also track the rollout(s) at:
	https://console.firebase.google.com/project/property-manager-fb9eb/apphosting 
[debug] [2026-04-29T10:04:58.273Z] >>> [apiv2][query] GET https://firebaseapphosting.googleapis.com/v1beta/projects/property-manager-fb9eb/locations/us-central1/backends/property-manager/rollouts 
[debug] [2026-04-29T10:04:58.275Z] >>> [apiv2][query] GET https://firebaseapphosting.googleapis.com/v1beta/projects/property-manager-fb9eb/locations/us-central1/backends/property-manager/builds 
[debug] [2026-04-29T10:04:59.688Z] <<< [apiv2][status] GET https://firebaseapphosting.googleapis.com/v1beta/projects/property-manager-fb9eb/locations/us-central1/backends/property-manager/rollouts 200
[debug] [2026-04-29T10:04:59.688Z] <<< [apiv2][body] GET https://firebaseapphosting.googleapis.com/v1beta/projects/property-manager-fb9eb/locations/us-central1/backends/property-manager/rollouts {}
[debug] [2026-04-29T10:04:59.780Z] <<< [apiv2][status] GET https://firebaseapphosting.googleapis.com/v1beta/projects/property-manager-fb9eb/locations/us-central1/backends/property-manager/builds 200
[debug] [2026-04-29T10:04:59.781Z] <<< [apiv2][body] GET https://firebaseapphosting.googleapis.com/v1beta/projects/property-manager-fb9eb/locations/us-central1/backends/property-manager/builds {}
[debug] [2026-04-29T10:04:59.782Z] Checked if tokens are valid: true, expires at: 1777460682899
[debug] [2026-04-29T10:04:59.782Z] Checked if tokens are valid: true, expires at: 1777460682899
[debug] [2026-04-29T10:04:59.782Z] >>> [apiv2][query] POST https://firebaseapphosting.googleapis.com/v1beta/projects/property-manager-fb9eb/locations/us-central1/backends/property-manager/builds buildId=build-2026-04-29-001
[debug] [2026-04-29T10:04:59.782Z] >>> [apiv2][body] POST https://firebaseapphosting.googleapis.com/v1beta/projects/property-manager-fb9eb/locations/us-central1/backends/property-manager/builds {"source":{"archive":{"userStorageUri":"gs://firebaseapphosting-sources-1094170524848-us-central1/property-manager--47083-VukDHeEseMAB-.zip","rootDirectory":"/","locallyBuiltSource":false}},"labels":{"deployment-tool":"cli-firebase"}}
[debug] [2026-04-29T10:05:01.240Z] <<< [apiv2][status] POST https://firebaseapphosting.googleapis.com/v1beta/projects/property-manager-fb9eb/locations/us-central1/backends/property-manager/builds 200
[debug] [2026-04-29T10:05:01.241Z] <<< [apiv2][body] POST https://firebaseapphosting.googleapis.com/v1beta/projects/property-manager-fb9eb/locations/us-central1/backends/property-manager/builds {"name":"projects/property-manager-fb9eb/locations/us-central1/operations/operation-1777457101061-650967b1cbe6b-c02dee2e-eefe072e","metadata":{"@type":"type.googleapis.com/google.firebase.apphosting.v1beta.OperationMetadata","createTime":"2026-04-29T10:05:01.101536226Z","target":"projects/property-manager-fb9eb/locations/us-central1/backends/property-manager/builds/build-2026-04-29-001","verb":"create","requestedCancellation":false,"apiVersion":"v1beta"},"done":false}
[debug] [2026-04-29T10:05:01.242Z] Checked if tokens are valid: true, expires at: 1777460682899
[debug] [2026-04-29T10:05:01.242Z] Checked if tokens are valid: true, expires at: 1777460682899
[debug] [2026-04-29T10:05:01.242Z] >>> [apiv2][query] POST https://firebaseapphosting.googleapis.com/v1beta/projects/property-manager-fb9eb/locations/us-central1/backends/property-manager/rollouts rolloutId=build-2026-04-29-001&validateOnly=true
[debug] [2026-04-29T10:05:01.242Z] >>> [apiv2][body] POST https://firebaseapphosting.googleapis.com/v1beta/projects/property-manager-fb9eb/locations/us-central1/backends/property-manager/rollouts {"build":"projects/property-manager-fb9eb/locations/us-central1/backends/property-manager/builds/build-2026-04-29-001","labels":{"deployment-tool":"cli-firebase"}}
[debug] [2026-04-29T10:05:02.731Z] <<< [apiv2][status] POST https://firebaseapphosting.googleapis.com/v1beta/projects/property-manager-fb9eb/locations/us-central1/backends/property-manager/rollouts 200
[debug] [2026-04-29T10:05:02.731Z] <<< [apiv2][body] POST https://firebaseapphosting.googleapis.com/v1beta/projects/property-manager-fb9eb/locations/us-central1/backends/property-manager/rollouts {"name":"","metadata":{},"done":true}
[debug] [2026-04-29T10:05:02.732Z] Checked if tokens are valid: true, expires at: 1777460682899
[debug] [2026-04-29T10:05:02.732Z] Checked if tokens are valid: true, expires at: 1777460682899
[debug] [2026-04-29T10:05:02.732Z] >>> [apiv2][query] POST https://firebaseapphosting.googleapis.com/v1beta/projects/property-manager-fb9eb/locations/us-central1/backends/property-manager/rollouts rolloutId=build-2026-04-29-001&validateOnly=false
[debug] [2026-04-29T10:05:02.732Z] >>> [apiv2][body] POST https://firebaseapphosting.googleapis.com/v1beta/projects/property-manager-fb9eb/locations/us-central1/backends/property-manager/rollouts {"build":"projects/property-manager-fb9eb/locations/us-central1/backends/property-manager/builds/build-2026-04-29-001","labels":{"deployment-tool":"cli-firebase"}}
[debug] [2026-04-29T10:05:04.128Z] <<< [apiv2][status] POST https://firebaseapphosting.googleapis.com/v1beta/projects/property-manager-fb9eb/locations/us-central1/backends/property-manager/rollouts 200
[debug] [2026-04-29T10:05:04.128Z] <<< [apiv2][body] POST https://firebaseapphosting.googleapis.com/v1beta/projects/property-manager-fb9eb/locations/us-central1/backends/property-manager/rollouts {"name":"projects/property-manager-fb9eb/locations/us-central1/operations/operation-1777457103993-650967b497c37-f9288355-94280f4a","metadata":{"@type":"type.googleapis.com/google.firebase.apphosting.v1beta.OperationMetadata","createTime":"2026-04-29T10:05:04.018645260Z","target":"projects/property-manager-fb9eb/locations/us-central1/backends/property-manager/rollouts/build-2026-04-29-001","verb":"create","requestedCancellation":false,"apiVersion":"v1beta"},"done":false}
[debug] [2026-04-29T10:05:04.130Z] Checked if tokens are valid: true, expires at: 1777460682899
[debug] [2026-04-29T10:05:04.130Z] Checked if tokens are valid: true, expires at: 1777460682899
[debug] [2026-04-29T10:05:04.131Z] Checked if tokens are valid: true, expires at: 1777460682899
[debug] [2026-04-29T10:05:04.131Z] Checked if tokens are valid: true, expires at: 1777460682899
[debug] [2026-04-29T10:05:04.131Z] >>> [apiv2][query] GET https://firebaseapphosting.googleapis.com/v1beta/projects/property-manager-fb9eb/locations/us-central1/operations/operation-1777457103993-650967b497c37-f9288355-94280f4a [none]
[debug] [2026-04-29T10:05:04.132Z] >>> [apiv2][query] GET https://firebaseapphosting.googleapis.com/v1beta/projects/property-manager-fb9eb/locations/us-central1/operations/operation-1777457101061-650967b1cbe6b-c02dee2e-eefe072e [none]
[debug] [2026-04-29T10:05:04.485Z] <<< [apiv2][status] GET https://firebaseapphosting.googleapis.com/v1beta/projects/property-manager-fb9eb/locations/us-central1/operations/operation-1777457101061-650967b1cbe6b-c02dee2e-eefe072e 200
[debug] [2026-04-29T10:05:04.486Z] <<< [apiv2][body] GET https://firebaseapphosting.googleapis.com/v1beta/projects/property-manager-fb9eb/locations/us-central1/operations/operation-1777457101061-650967b1cbe6b-c02dee2e-eefe072e {"name":"projects/property-manager-fb9eb/locations/us-central1/operations/operation-1777457101061-650967b1cbe6b-c02dee2e-eefe072e","metadata":{"@type":"type.googleapis.com/google.firebase.apphosting.v1beta.OperationMetadata","createTime":"2026-04-29T10:05:01.101536226Z","target":"projects/property-manager-fb9eb/locations/us-central1/backends/property-manager/builds/build-2026-04-29-001","verb":"create","requestedCancellation":false,"apiVersion":"v1beta"},"done":false}
[debug] [2026-04-29T10:05:04.988Z] [create-property-manager-fb9eb-us-central1-backend-property-manager-build-build-2026-04-29-001] Retrying task index 0
[debug] [2026-04-29T10:05:04.988Z] Checked if tokens are valid: true, expires at: 1777460682899
[debug] [2026-04-29T10:05:04.988Z] Checked if tokens are valid: true, expires at: 1777460682899
[debug] [2026-04-29T10:05:04.989Z] >>> [apiv2][query] GET https://firebaseapphosting.googleapis.com/v1beta/projects/property-manager-fb9eb/locations/us-central1/operations/operation-1777457101061-650967b1cbe6b-c02dee2e-eefe072e [none]
[debug] [2026-04-29T10:05:05.462Z] <<< [apiv2][status] GET https://firebaseapphosting.googleapis.com/v1beta/projects/property-manager-fb9eb/locations/us-central1/operations/operation-1777457103993-650967b497c37-f9288355-94280f4a 200
[debug] [2026-04-29T10:05:05.462Z] <<< [apiv2][body] GET https://firebaseapphosting.googleapis.com/v1beta/projects/property-manager-fb9eb/locations/us-central1/operations/operation-1777457103993-650967b497c37-f9288355-94280f4a {"name":"projects/property-manager-fb9eb/locations/us-central1/operations/operation-1777457103993-650967b497c37-f9288355-94280f4a","metadata":{"@type":"type.googleapis.com/google.firebase.apphosting.v1beta.OperationMetadata","createTime":"2026-04-29T10:05:04.018645260Z","endTime":"2026-04-29T10:05:04.068444139Z","target":"projects/property-manager-fb9eb/locations/us-central1/backends/property-manager/rollouts/build-2026-04-29-001","verb":"create","requestedCancellation":false,"apiVersion":"v1beta"},"done":true,"response":{"@type":"type.googleapis.com/google.firebase.apphosting.v1beta.Rollout","name":"projects/property-manager-fb9eb/locations/us-central1/backends/property-manager/rollouts/build-2026-04-29-001","createTime":"2026-04-29T10:05:04.007838486Z","updateTime":"2026-04-29T10:05:04.065278Z","state":"QUEUED","build":"projects/property-manager-fb9eb/locations/us-central1/backends/property-manager/builds/build-2026-04-29-001","labels":{"deployment-tool":"cli-firebase"},"uid":"722486dc-b4ea-44a0-bf65-1920119613d4","etag":"g7Ykcoc42TNjvr6rEiAddS-dUXPSARtXrnkfpn5RDDY","reconciling":false}}
[debug] [2026-04-29T10:05:12.578Z] <<< [apiv2][status] GET https://firebaseapphosting.googleapis.com/v1beta/projects/property-manager-fb9eb/locations/us-central1/operations/operation-1777457101061-650967b1cbe6b-c02dee2e-eefe072e 200
[debug] [2026-04-29T10:05:12.579Z] <<< [apiv2][body] GET https://firebaseapphosting.googleapis.com/v1beta/projects/property-manager-fb9eb/locations/us-central1/operations/operation-1777457101061-650967b1cbe6b-c02dee2e-eefe072e {"name":"projects/property-manager-fb9eb/locations/us-central1/operations/operation-1777457101061-650967b1cbe6b-c02dee2e-eefe072e","metadata":{"@type":"type.googleapis.com/google.firebase.apphosting.v1beta.OperationMetadata","createTime":"2026-04-29T10:05:01.101536226Z","target":"projects/property-manager-fb9eb/locations/us-central1/backends/property-manager/builds/build-2026-04-29-001","verb":"create","requestedCancellation":false,"apiVersion":"v1beta"},"done":false}
[debug] [2026-04-29T10:05:13.579Z] [create-property-manager-fb9eb-us-central1-backend-property-manager-build-build-2026-04-29-001] Retrying task index 0
[debug] [2026-04-29T10:05:13.582Z] Checked if tokens are valid: true, expires at: 1777460682899
[debug] [2026-04-29T10:05:13.582Z] Checked if tokens are valid: true, expires at: 1777460682899
[debug] [2026-04-29T10:05:13.582Z] >>> [apiv2][query] GET https://firebaseapphosting.googleapis.com/v1beta/projects/property-manager-fb9eb/locations/us-central1/operations/operation-1777457101061-650967b1cbe6b-c02dee2e-eefe072e [none]
[debug] [2026-04-29T10:05:14.978Z] <<< [apiv2][status] GET https://firebaseapphosting.googleapis.com/v1beta/projects/property-manager-fb9eb/locations/us-central1/operations/operation-1777457101061-650967b1cbe6b-c02dee2e-eefe072e 200
[debug] [2026-04-29T10:05:14.978Z] <<< [apiv2][body] GET https://firebaseapphosting.googleapis.com/v1beta/projects/property-manager-fb9eb/locations/us-central1/operations/operation-1777457101061-650967b1cbe6b-c02dee2e-eefe072e {"name":"projects/property-manager-fb9eb/locations/us-central1/operations/operation-1777457101061-650967b1cbe6b-c02dee2e-eefe072e","metadata":{"@type":"type.googleapis.com/google.firebase.apphosting.v1beta.OperationMetadata","createTime":"2026-04-29T10:05:01.101536226Z","target":"projects/property-manager-fb9eb/locations/us-central1/backends/property-manager/builds/build-2026-04-29-001","verb":"create","requestedCancellation":false,"apiVersion":"v1beta"},"done":false}
[debug] [2026-04-29T10:05:16.978Z] [create-property-manager-fb9eb-us-central1-backend-property-manager-build-build-2026-04-29-001] Retrying task index 0
[debug] [2026-04-29T10:05:16.979Z] Checked if tokens are valid: true, expires at: 1777460682899
[debug] [2026-04-29T10:05:16.980Z] Checked if tokens are valid: true, expires at: 1777460682899
[debug] [2026-04-29T10:05:16.980Z] >>> [apiv2][query] GET https://firebaseapphosting.googleapis.com/v1beta/projects/property-manager-fb9eb/locations/us-central1/operations/operation-1777457101061-650967b1cbe6b-c02dee2e-eefe072e [none]
[debug] [2026-04-29T10:05:18.292Z] <<< [apiv2][status] GET https://firebaseapphosting.googleapis.com/v1beta/projects/property-manager-fb9eb/locations/us-central1/operations/operation-1777457101061-650967b1cbe6b-c02dee2e-eefe072e 200
[debug] [2026-04-29T10:05:18.292Z] <<< [apiv2][body] GET https://firebaseapphosting.googleapis.com/v1beta/projects/property-manager-fb9eb/locations/us-central1/operations/operation-1777457101061-650967b1cbe6b-c02dee2e-eefe072e {"name":"projects/property-manager-fb9eb/locations/us-central1/operations/operation-1777457101061-650967b1cbe6b-c02dee2e-eefe072e","metadata":{"@type":"type.googleapis.com/google.firebase.apphosting.v1beta.OperationMetadata","createTime":"2026-04-29T10:05:01.101536226Z","target":"projects/property-manager-fb9eb/locations/us-central1/backends/property-manager/builds/build-2026-04-29-001","verb":"create","requestedCancellation":false,"apiVersion":"v1beta"},"done":false}
[debug] [2026-04-29T10:05:22.294Z] [create-property-manager-fb9eb-us-central1-backend-property-manager-build-build-2026-04-29-001] Retrying task index 0
[debug] [2026-04-29T10:05:22.295Z] Checked if tokens are valid: true, expires at: 1777460682899
[debug] [2026-04-29T10:05:22.295Z] Checked if tokens are valid: true, expires at: 1777460682899
[debug] [2026-04-29T10:05:22.295Z] >>> [apiv2][query] GET https://firebaseapphosting.googleapis.com/v1beta/projects/property-manager-fb9eb/locations/us-central1/operations/operation-1777457101061-650967b1cbe6b-c02dee2e-eefe072e [none]
[debug] [2026-04-29T10:05:24.814Z] <<< [apiv2][status] GET https://firebaseapphosting.googleapis.com/v1beta/projects/property-manager-fb9eb/locations/us-central1/operations/operation-1777457101061-650967b1cbe6b-c02dee2e-eefe072e 200
[debug] [2026-04-29T10:05:24.814Z] <<< [apiv2][body] GET https://firebaseapphosting.googleapis.com/v1beta/projects/property-manager-fb9eb/locations/us-central1/operations/operation-1777457101061-650967b1cbe6b-c02dee2e-eefe072e {"name":"projects/property-manager-fb9eb/locations/us-central1/operations/operation-1777457101061-650967b1cbe6b-c02dee2e-eefe072e","metadata":{"@type":"type.googleapis.com/google.firebase.apphosting.v1beta.OperationMetadata","createTime":"2026-04-29T10:05:01.101536226Z","target":"projects/property-manager-fb9eb/locations/us-central1/backends/property-manager/builds/build-2026-04-29-001","verb":"create","requestedCancellation":false,"apiVersion":"v1beta"},"done":false}
[debug] [2026-04-29T10:05:32.816Z] [create-property-manager-fb9eb-us-central1-backend-property-manager-build-build-2026-04-29-001] Retrying task index 0
[debug] [2026-04-29T10:05:32.817Z] Checked if tokens are valid: true, expires at: 1777460682899
[debug] [2026-04-29T10:05:32.817Z] Checked if tokens are valid: true, expires at: 1777460682899
[debug] [2026-04-29T10:05:32.817Z] >>> [apiv2][query] GET https://firebaseapphosting.googleapis.com/v1beta/projects/property-manager-fb9eb/locations/us-central1/operations/operation-1777457101061-650967b1cbe6b-c02dee2e-eefe072e [none]
[debug] [2026-04-29T10:05:34.150Z] <<< [apiv2][status] GET https://firebaseapphosting.googleapis.com/v1beta/projects/property-manager-fb9eb/locations/us-central1/operations/operation-1777457101061-650967b1cbe6b-c02dee2e-eefe072e 200
[debug] [2026-04-29T10:05:34.150Z] <<< [apiv2][body] GET https://firebaseapphosting.googleapis.com/v1beta/projects/property-manager-fb9eb/locations/us-central1/operations/operation-1777457101061-650967b1cbe6b-c02dee2e-eefe072e {"name":"projects/property-manager-fb9eb/locations/us-central1/operations/operation-1777457101061-650967b1cbe6b-c02dee2e-eefe072e","metadata":{"@type":"type.googleapis.com/google.firebase.apphosting.v1beta.OperationMetadata","createTime":"2026-04-29T10:05:01.101536226Z","target":"projects/property-manager-fb9eb/locations/us-central1/backends/property-manager/builds/build-2026-04-29-001","verb":"create","requestedCancellation":false,"apiVersion":"v1beta"},"done":false}
[debug] [2026-04-29T10:05:44.152Z] [create-property-manager-fb9eb-us-central1-backend-property-manager-build-build-2026-04-29-001] Retrying task index 0
[debug] [2026-04-29T10:05:44.153Z] Checked if tokens are valid: true, expires at: 1777460682899
[debug] [2026-04-29T10:05:44.153Z] Checked if tokens are valid: true, expires at: 1777460682899
[debug] [2026-04-29T10:05:44.154Z] >>> [apiv2][query] GET https://firebaseapphosting.googleapis.com/v1beta/projects/property-manager-fb9eb/locations/us-central1/operations/operation-1777457101061-650967b1cbe6b-c02dee2e-eefe072e [none]
[debug] [2026-04-29T10:05:45.562Z] <<< [apiv2][status] GET https://firebaseapphosting.googleapis.com/v1beta/projects/property-manager-fb9eb/locations/us-central1/operations/operation-1777457101061-650967b1cbe6b-c02dee2e-eefe072e 200
[debug] [2026-04-29T10:05:45.562Z] <<< [apiv2][body] GET https://firebaseapphosting.googleapis.com/v1beta/projects/property-manager-fb9eb/locations/us-central1/operations/operation-1777457101061-650967b1cbe6b-c02dee2e-eefe072e {"name":"projects/property-manager-fb9eb/locations/us-central1/operations/operation-1777457101061-650967b1cbe6b-c02dee2e-eefe072e","metadata":{"@type":"type.googleapis.com/google.firebase.apphosting.v1beta.OperationMetadata","createTime":"2026-04-29T10:05:01.101536226Z","target":"projects/property-manager-fb9eb/locations/us-central1/backends/property-manager/builds/build-2026-04-29-001","verb":"create","requestedCancellation":false,"apiVersion":"v1beta"},"done":false}
[debug] [2026-04-29T10:05:55.563Z] [create-property-manager-fb9eb-us-central1-backend-property-manager-build-build-2026-04-29-001] Retrying task index 0
[debug] [2026-04-29T10:05:55.564Z] Checked if tokens are valid: true, expires at: 1777460682899
[debug] [2026-04-29T10:05:55.564Z] Checked if tokens are valid: true, expires at: 1777460682899
[debug] [2026-04-29T10:05:55.564Z] >>> [apiv2][query] GET https://firebaseapphosting.googleapis.com/v1beta/projects/property-manager-fb9eb/locations/us-central1/operations/operation-1777457101061-650967b1cbe6b-c02dee2e-eefe072e [none]
[debug] [2026-04-29T10:05:56.910Z] <<< [apiv2][status] GET https://firebaseapphosting.googleapis.com/v1beta/projects/property-manager-fb9eb/locations/us-central1/operations/operation-1777457101061-650967b1cbe6b-c02dee2e-eefe072e 200
[debug] [2026-04-29T10:05:56.910Z] <<< [apiv2][body] GET https://firebaseapphosting.googleapis.com/v1beta/projects/property-manager-fb9eb/locations/us-central1/operations/operation-1777457101061-650967b1cbe6b-c02dee2e-eefe072e {"name":"projects/property-manager-fb9eb/locations/us-central1/operations/operation-1777457101061-650967b1cbe6b-c02dee2e-eefe072e","metadata":{"@type":"type.googleapis.com/google.firebase.apphosting.v1beta.OperationMetadata","createTime":"2026-04-29T10:05:01.101536226Z","target":"projects/property-manager-fb9eb/locations/us-central1/backends/property-manager/builds/build-2026-04-29-001","verb":"create","requestedCancellation":false,"apiVersion":"v1beta"},"done":false}
[debug] [2026-04-29T10:06:06.910Z] [create-property-manager-fb9eb-us-central1-backend-property-manager-build-build-2026-04-29-001] Retrying task index 0
[debug] [2026-04-29T10:06:06.911Z] Checked if tokens are valid: true, expires at: 1777460682899
[debug] [2026-04-29T10:06:06.911Z] Checked if tokens are valid: true, expires at: 1777460682899
[debug] [2026-04-29T10:06:06.911Z] >>> [apiv2][query] GET https://firebaseapphosting.googleapis.com/v1beta/projects/property-manager-fb9eb/locations/us-central1/operations/operation-1777457101061-650967b1cbe6b-c02dee2e-eefe072e [none]
[debug] [2026-04-29T10:06:13.032Z] <<< [apiv2][status] GET https://firebaseapphosting.googleapis.com/v1beta/projects/property-manager-fb9eb/locations/us-central1/operations/operation-1777457101061-650967b1cbe6b-c02dee2e-eefe072e 200
[debug] [2026-04-29T10:06:13.033Z] <<< [apiv2][body] GET https://firebaseapphosting.googleapis.com/v1beta/projects/property-manager-fb9eb/locations/us-central1/operations/operation-1777457101061-650967b1cbe6b-c02dee2e-eefe072e {"name":"projects/property-manager-fb9eb/locations/us-central1/operations/operation-1777457101061-650967b1cbe6b-c02dee2e-eefe072e","metadata":{"@type":"type.googleapis.com/google.firebase.apphosting.v1beta.OperationMetadata","createTime":"2026-04-29T10:05:01.101536226Z","target":"projects/property-manager-fb9eb/locations/us-central1/backends/property-manager/builds/build-2026-04-29-001","verb":"create","requestedCancellation":false,"apiVersion":"v1beta"},"done":false}
[debug] [2026-04-29T10:06:23.034Z] [create-property-manager-fb9eb-us-central1-backend-property-manager-build-build-2026-04-29-001] Retrying task index 0
[debug] [2026-04-29T10:06:23.035Z] Checked if tokens are valid: true, expires at: 1777460682899
[debug] [2026-04-29T10:06:23.035Z] Checked if tokens are valid: true, expires at: 1777460682899
[debug] [2026-04-29T10:06:23.036Z] >>> [apiv2][query] GET https://firebaseapphosting.googleapis.com/v1beta/projects/property-manager-fb9eb/locations/us-central1/operations/operation-1777457101061-650967b1cbe6b-c02dee2e-eefe072e [none]
[debug] [2026-04-29T10:06:24.385Z] <<< [apiv2][status] GET https://firebaseapphosting.googleapis.com/v1beta/projects/property-manager-fb9eb/locations/us-central1/operations/operation-1777457101061-650967b1cbe6b-c02dee2e-eefe072e 200
[debug] [2026-04-29T10:06:24.385Z] <<< [apiv2][body] GET https://firebaseapphosting.googleapis.com/v1beta/projects/property-manager-fb9eb/locations/us-central1/operations/operation-1777457101061-650967b1cbe6b-c02dee2e-eefe072e {"name":"projects/property-manager-fb9eb/locations/us-central1/operations/operation-1777457101061-650967b1cbe6b-c02dee2e-eefe072e","metadata":{"@type":"type.googleapis.com/google.firebase.apphosting.v1beta.OperationMetadata","createTime":"2026-04-29T10:05:01.101536226Z","target":"projects/property-manager-fb9eb/locations/us-central1/backends/property-manager/builds/build-2026-04-29-001","verb":"create","requestedCancellation":false,"apiVersion":"v1beta"},"done":false}
[debug] [2026-04-29T10:06:34.387Z] [create-property-manager-fb9eb-us-central1-backend-property-manager-build-build-2026-04-29-001] Retrying task index 0
[debug] [2026-04-29T10:06:34.389Z] Checked if tokens are valid: true, expires at: 1777460682899
[debug] [2026-04-29T10:06:34.389Z] Checked if tokens are valid: true, expires at: 1777460682899
[debug] [2026-04-29T10:06:34.390Z] >>> [apiv2][query] GET https://firebaseapphosting.googleapis.com/v1beta/projects/property-manager-fb9eb/locations/us-central1/operations/operation-1777457101061-650967b1cbe6b-c02dee2e-eefe072e [none]
[debug] [2026-04-29T10:06:35.873Z] <<< [apiv2][status] GET https://firebaseapphosting.googleapis.com/v1beta/projects/property-manager-fb9eb/locations/us-central1/operations/operation-1777457101061-650967b1cbe6b-c02dee2e-eefe072e 200
[debug] [2026-04-29T10:06:35.873Z] <<< [apiv2][body] GET https://firebaseapphosting.googleapis.com/v1beta/projects/property-manager-fb9eb/locations/us-central1/operations/operation-1777457101061-650967b1cbe6b-c02dee2e-eefe072e {"name":"projects/property-manager-fb9eb/locations/us-central1/operations/operation-1777457101061-650967b1cbe6b-c02dee2e-eefe072e","metadata":{"@type":"type.googleapis.com/google.firebase.apphosting.v1beta.OperationMetadata","createTime":"2026-04-29T10:05:01.101536226Z","target":"projects/property-manager-fb9eb/locations/us-central1/backends/property-manager/builds/build-2026-04-29-001","verb":"create","requestedCancellation":false,"apiVersion":"v1beta"},"done":false}
[debug] [2026-04-29T10:06:45.875Z] [create-property-manager-fb9eb-us-central1-backend-property-manager-build-build-2026-04-29-001] Retrying task index 0
[debug] [2026-04-29T10:06:45.875Z] Checked if tokens are valid: true, expires at: 1777460682899
[debug] [2026-04-29T10:06:45.875Z] Checked if tokens are valid: true, expires at: 1777460682899
[debug] [2026-04-29T10:06:45.875Z] >>> [apiv2][query] GET https://firebaseapphosting.googleapis.com/v1beta/projects/property-manager-fb9eb/locations/us-central1/operations/operation-1777457101061-650967b1cbe6b-c02dee2e-eefe072e [none]
[debug] [2026-04-29T10:06:47.193Z] <<< [apiv2][status] GET https://firebaseapphosting.googleapis.com/v1beta/projects/property-manager-fb9eb/locations/us-central1/operations/operation-1777457101061-650967b1cbe6b-c02dee2e-eefe072e 200
[debug] [2026-04-29T10:06:47.193Z] <<< [apiv2][body] GET https://firebaseapphosting.googleapis.com/v1beta/projects/property-manager-fb9eb/locations/us-central1/operations/operation-1777457101061-650967b1cbe6b-c02dee2e-eefe072e {"name":"projects/property-manager-fb9eb/locations/us-central1/operations/operation-1777457101061-650967b1cbe6b-c02dee2e-eefe072e","metadata":{"@type":"type.googleapis.com/google.firebase.apphosting.v1beta.OperationMetadata","createTime":"2026-04-29T10:05:01.101536226Z","target":"projects/property-manager-fb9eb/locations/us-central1/backends/property-manager/builds/build-2026-04-29-001","verb":"create","requestedCancellation":false,"apiVersion":"v1beta"},"done":false}
[debug] [2026-04-29T10:06:57.195Z] [create-property-manager-fb9eb-us-central1-backend-property-manager-build-build-2026-04-29-001] Retrying task index 0
[debug] [2026-04-29T10:06:57.196Z] Checked if tokens are valid: true, expires at: 1777460682899
[debug] [2026-04-29T10:06:57.196Z] Checked if tokens are valid: true, expires at: 1777460682899
[debug] [2026-04-29T10:06:57.196Z] >>> [apiv2][query] GET https://firebaseapphosting.googleapis.com/v1beta/projects/property-manager-fb9eb/locations/us-central1/operations/operation-1777457101061-650967b1cbe6b-c02dee2e-eefe072e [none]
[debug] [2026-04-29T10:06:58.664Z] <<< [apiv2][status] GET https://firebaseapphosting.googleapis.com/v1beta/projects/property-manager-fb9eb/locations/us-central1/operations/operation-1777457101061-650967b1cbe6b-c02dee2e-eefe072e 200
[debug] [2026-04-29T10:06:58.665Z] <<< [apiv2][body] GET https://firebaseapphosting.googleapis.com/v1beta/projects/property-manager-fb9eb/locations/us-central1/operations/operation-1777457101061-650967b1cbe6b-c02dee2e-eefe072e {"name":"projects/property-manager-fb9eb/locations/us-central1/operations/operation-1777457101061-650967b1cbe6b-c02dee2e-eefe072e","metadata":{"@type":"type.googleapis.com/google.firebase.apphosting.v1beta.OperationMetadata","createTime":"2026-04-29T10:05:01.101536226Z","target":"projects/property-manager-fb9eb/locations/us-central1/backends/property-manager/builds/build-2026-04-29-001","verb":"create","requestedCancellation":false,"apiVersion":"v1beta"},"done":false}
